  adding: index.js (deflated 43%)
  adding: node_modules/ (stored 0%)
  adding: node_modules/combined-stream/ (stored 0%)
  adding: node_modules/combined-stream/License (deflated 41%)
  adding: node_modules/combined-stream/Readme.md (deflated 65%)
  adding: node_modules/combined-stream/yarn.lock (deflated 42%)
  adding: node_modules/combined-stream/package.json (deflated 50%)
  adding: node_modules/combined-stream/lib/ (stored 0%)
  adding: node_modules/combined-stream/lib/combined_stream.js (deflated 75%)
  adding: node_modules/mime-types/ (stored 0%)
  adding: node_modules/mime-types/LICENSE (deflated 41%)
  adding: node_modules/mime-types/HISTORY.md (deflated 78%)
  adding: node_modules/mime-types/index.js (deflated 66%)
  adding: node_modules/mime-types/README.md (deflated 62%)
  adding: node_modules/mime-types/package.json (deflated 53%)
  adding: node_modules/.package-lock.json (deflated 63%)
  adding: node_modules/form-data/ (stored 0%)
  adding: node_modules/form-data/License (deflated 41%)
  adding: node_modules/form-data/Readme.md (deflated 67%)
  adding: node_modules/form-data/README.md.bak (deflated 67%)
  adding: node_modules/form-data/package.json (deflated 59%)
  adding: node_modules/form-data/lib/ (stored 0%)
  adding: node_modules/form-data/lib/populate.js (deflated 23%)
  adding: node_modules/form-data/lib/form_data.js (deflated 69%)
  adding: node_modules/form-data/lib/browser.js (deflated 12%)
  adding: node_modules/form-data/index.d.ts (deflated 60%)
  adding: node_modules/delayed-stream/ (stored 0%)
  adding: node_modules/delayed-stream/.npmignore (stored 0%)
  adding: node_modules/delayed-stream/License (deflated 41%)
  adding: node_modules/delayed-stream/Makefile (deflated 5%)
  adding: node_modules/delayed-stream/Readme.md (deflated 60%)
  adding: node_modules/delayed-stream/package.json (deflated 47%)
  adding: node_modules/delayed-stream/lib/ (stored 0%)
  adding: node_modules/delayed-stream/lib/delayed_stream.js (deflated 69%)
  adding: node_modules/asynckit/ (stored 0%)
  adding: node_modules/asynckit/stream.js (deflated 69%)
  adding: node_modules/asynckit/LICENSE (deflated 41%)
  adding: node_modules/asynckit/index.js (deflated 45%)
  adding: node_modules/asynckit/README.md (deflated 71%)
  adding: node_modules/asynckit/parallel.js (deflated 56%)
  adding: node_modules/asynckit/serialOrdered.js (deflated 64%)
  adding: node_modules/asynckit/package.json (deflated 60%)
  adding: node_modules/asynckit/lib/ (stored 0%)
  adding: node_modules/asynckit/lib/abort.js (deflated 44%)
  adding: node_modules/asynckit/lib/terminator.js (deflated 41%)
  adding: node_modules/asynckit/lib/iterate.js (deflated 59%)
  adding: node_modules/asynckit/lib/readable_serial_ordered.js (deflated 57%)
  adding: node_modules/asynckit/lib/readable_parallel.js (deflated 50%)
  adding: node_modules/asynckit/lib/streamify.js (deflated 69%)
  adding: node_modules/asynckit/lib/readable_asynckit.js (deflated 55%)
  adding: node_modules/asynckit/lib/async.js (deflated 51%)
  adding: node_modules/asynckit/lib/state.js (deflated 54%)
  adding: node_modules/asynckit/lib/readable_serial.js (deflated 49%)
  adding: node_modules/asynckit/lib/defer.js (deflated 46%)
  adding: node_modules/asynckit/bench.js (deflated 62%)
  adding: node_modules/asynckit/serial.js (deflated 48%)
  adding: node_modules/follow-redirects/ (stored 0%)
  adding: node_modules/follow-redirects/LICENSE (deflated 40%)
  adding: node_modules/follow-redirects/https.js (stored 0%)
  adding: node_modules/follow-redirects/index.js (deflated 70%)
  adding: node_modules/follow-redirects/README.md (deflated 65%)
  adding: node_modules/follow-redirects/package.json (deflated 56%)
  adding: node_modules/follow-redirects/http.js (stored 0%)
  adding: node_modules/follow-redirects/debug.js (deflated 41%)
  adding: node_modules/axios/ (stored 0%)
  adding: node_modules/axios/LICENSE (deflated 41%)
  adding: node_modules/axios/CHANGELOG.md (deflated 72%)
  adding: node_modules/axios/dist/ (stored 0%)
  adding: node_modules/axios/dist/axios.js (deflated 77%)
  adding: node_modules/axios/dist/axios.min.map (deflated 70%)
  adding: node_modules/axios/dist/axios.map (deflated 77%)
  adding: node_modules/axios/dist/axios.min.js (deflated 65%)
  adding: node_modules/axios/index.js (stored 0%)
  adding: node_modules/axios/README.md (deflated 68%)
  adding: node_modules/axios/package.json (deflated 60%)
  adding: node_modules/axios/tslint.json (deflated 16%)
  adding: node_modules/axios/lib/ (stored 0%)
  adding: node_modules/axios/lib/cancel/ (stored 0%)
  adding: node_modules/axios/lib/cancel/CancelToken.js (deflated 66%)
  adding: node_modules/axios/lib/cancel/isCancel.js (deflated 6%)
  adding: node_modules/axios/lib/cancel/CanceledError.js (deflated 44%)
  adding: node_modules/axios/lib/axios.js (deflated 65%)
  adding: node_modules/axios/lib/core/ (stored 0%)
  adding: node_modules/axios/lib/core/settle.js (deflated 54%)
  adding: node_modules/axios/lib/core/AxiosError.js (deflated 61%)
  adding: node_modules/axios/lib/core/Axios.js (deflated 69%)
  adding: node_modules/axios/lib/core/InterceptorManager.js (deflated 58%)
  adding: node_modules/axios/lib/core/README.md (deflated 38%)
  adding: node_modules/axios/lib/core/dispatchRequest.js (deflated 67%)
  adding: node_modules/axios/lib/core/buildFullPath.js (deflated 55%)
  adding: node_modules/axios/lib/core/transformData.js (deflated 48%)
  adding: node_modules/axios/lib/core/mergeConfig.js (deflated 74%)
  adding: node_modules/axios/lib/env/ (stored 0%)
  adding: node_modules/axios/lib/env/README.md (deflated 19%)
  adding: node_modules/axios/lib/env/data.js (stored 0%)
  adding: node_modules/axios/lib/adapters/ (stored 0%)
  adding: node_modules/axios/lib/adapters/README.md (deflated 53%)
  adding: node_modules/axios/lib/adapters/xhr.js (deflated 69%)
  adding: node_modules/axios/lib/adapters/http.js (deflated 70%)
  adding: node_modules/axios/lib/defaults/ (stored 0%)
  adding: node_modules/axios/lib/defaults/transitional.js (deflated 16%)
  adding: node_modules/axios/lib/defaults/index.js (deflated 65%)
  adding: node_modules/axios/lib/defaults/env/ (stored 0%)
  adding: node_modules/axios/lib/defaults/env/FormData.js (deflated 1%)
  adding: node_modules/axios/lib/utils.js (deflated 73%)
  adding: node_modules/axios/lib/helpers/ (stored 0%)
  adding: node_modules/axios/lib/helpers/combineURLs.js (deflated 45%)
  adding: node_modules/axios/lib/helpers/parseProtocol.js (deflated 11%)
  adding: node_modules/axios/lib/helpers/deprecatedMethod.js (deflated 44%)
  adding: node_modules/axios/lib/helpers/buildURL.js (deflated 57%)
  adding: node_modules/axios/lib/helpers/null.js (stored 0%)
  adding: node_modules/axios/lib/helpers/isURLSameOrigin.js (deflated 63%)
  adding: node_modules/axios/lib/helpers/isAbsoluteURL.js (deflated 36%)
  adding: node_modules/axios/lib/helpers/isAxiosError.js (deflated 39%)
  adding: node_modules/axios/lib/helpers/toFormData.js (deflated 60%)
  adding: node_modules/axios/lib/helpers/cookies.js (deflated 62%)
  adding: node_modules/axios/lib/helpers/validator.js (deflated 62%)
  adding: node_modules/axios/lib/helpers/README.md (deflated 37%)
  adding: node_modules/axios/lib/helpers/bind.js (deflated 35%)
  adding: node_modules/axios/lib/helpers/spread.js (deflated 46%)
  adding: node_modules/axios/lib/helpers/normalizeHeaderName.js (deflated 45%)
  adding: node_modules/axios/lib/helpers/parseHeaders.js (deflated 50%)
  adding: node_modules/axios/tsconfig.json (deflated 38%)
  adding: node_modules/axios/UPGRADE_GUIDE.md (deflated 60%)
  adding: node_modules/axios/index.d.ts (deflated 73%)
  adding: node_modules/axios/SECURITY.md (deflated 15%)
  adding: node_modules/mime-db/ (stored 0%)
  adding: node_modules/mime-db/db.json (deflated 88%)
  adding: node_modules/mime-db/LICENSE (deflated 41%)
  adding: node_modules/mime-db/HISTORY.md (deflated 77%)
  adding: node_modules/mime-db/index.js (deflated 23%)
  adding: node_modules/mime-db/README.md (deflated 57%)
  adding: node_modules/mime-db/package.json (deflated 57%)
